<?xml version="1.0" encoding="UTF-8"?>
<!-- Generated by org.testng.reporters.JUnitReportReporter -->
<testsuite hostname="Home-Lenovo" name="testcases.VerifyHomePage" tests="1" failures="0" timestamp="29 Aug 2016 14:49:51 GMT" time="5.259" errors="0">
  <testcase name="testHomePage" time="5.259" classname="testcases.VerifyHomePage"/>
</testsuite> <!-- testcases.VerifyHomePage -->
