<?xml version="1.0" encoding="UTF-8"?>
<!-- Generated by org.testng.reporters.JUnitReportReporter -->
<testsuite hostname="Home-Lenovo" name="testcases.VerifyLoginPageWithReports" tests="1" failures="0" timestamp="29 Aug 2016 15:25:22 GMT" time="11.368" errors="0">
  <testcase name="testHomePage" time="11.368" classname="testcases.VerifyLoginPageWithReports"/>
</testsuite> <!-- testcases.VerifyLoginPageWithReports -->
